#
# There is insufficient memory for the Java Runtime Environment to continue.
# Native memory allocation (malloc) failed to allocate 32744 bytes for ChunkPool::allocate
# Possible reasons:
#   The system is out of physical RAM or swap space
#   In 32 bit mode, the process size limit was hit
# Possible solutions:
#   Reduce memory load on the system
#   Increase physical memory or swap space
#   Check if swap backing store is full
#   Use 64 bit Java on a 64 bit OS
#   Decrease Java heap size (-Xmx/-Xms)
#   Decrease number of Java threads
#   Decrease Java thread stack sizes (-Xss)
#   Set larger code cache with -XX:ReservedCodeCacheSize=
# This output file may be truncated or incomplete.
#
#  Out of Memory Error (allocation.cpp:273), pid=1788, tid=0x0000000000005f78
#
# JRE version: Java(TM) SE Runtime Environment (8.0_161-b12) (build 1.8.0_161-b12)
# Java VM: Java HotSpot(TM) 64-Bit Server VM (25.161-b12 mixed mode windows-amd64 compressed oops)
# Failed to write core dump. Minidumps are not enabled by default on client versions of Windows
#

---------------  T H R E A D  ---------------

Current thread (0x0000000021dd9800):  JavaThread "C1 CompilerThread3" daemon [_thread_in_native, id=24440, stack(0x0000000022510000,0x0000000022610000)]

Stack: [0x0000000022510000,0x0000000022610000]
[error occurred during error reporting (printing stack bounds), id 0xc0000005]

Native frames: (J=compiled Java code, j=interpreted, Vv=VM code, C=native code)


Current CompileTask:
C1:    561  149       3       sun.nio.cs.UTF_8$Decoder::decode (779 bytes)


---------------  P R O C E S S  ---------------

Java Threads: ( => current thread )
  0x0000000021e88000 JavaThread "Service Thread" daemon [_thread_blocked, id=17656, stack(0x0000000022610000,0x0000000022710000)]
=>0x0000000021dd9800 JavaThread "C1 CompilerThread3" daemon [_thread_in_native, id=24440, stack(0x0000000022510000,0x0000000022610000)]
  0x0000000021dd8800 JavaThread "C2 CompilerThread2" daemon [_thread_in_native, id=19692, stack(0x0000000022410000,0x0000000022510000)]
  0x0000000021dd4000 JavaThread "C2 CompilerThread1" daemon [_thread_in_native, id=11896, stack(0x0000000022310000,0x0000000022410000)]
  0x0000000021dc9000 JavaThread "C2 CompilerThread0" daemon [_thread_in_native, id=18876, stack(0x0000000022210000,0x0000000022310000)]
  0x000000002114d000 JavaThread "Attach Listener" daemon [_thread_blocked, id=16608, stack(0x0000000021810000,0x0000000021910000)]
  0x00000000210f6000 JavaThread "Signal Dispatcher" daemon [_thread_blocked, id=20800, stack(0x0000000021710000,0x0000000021810000)]
  0x00000000210d0800 JavaThread "Finalizer" daemon [_thread_blocked, id=10676, stack(0x00000000214b0000,0x00000000215b0000)]
  0x000000001f1c3800 JavaThread "Reference Handler" daemon [_thread_blocked, id=11624, stack(0x0000000020fb0000,0x00000000210b0000)]
  0x000000000551d000 JavaThread "main" [_thread_in_Java, id=24684, stack(0x0000000005410000,0x0000000005510000)]

Other Threads:
  0x000000001f1b9800 VMThread [stack: 0x0000000020eb0000,0x0000000020fb0000] [id=24868]
  0x0000000021f0f800 WatcherThread [stack: 0x0000000022710000,0x0000000022810000] [id=24512]

VM state:not at safepoint (normal execution)

VM Mutex/Monitor currently owned by a thread: None

Heap:
 PSYoungGen      total 76288K, used 12188K [0x000000076b180000, 0x0000000770680000, 0x00000007c0000000)
  eden space 65536K, 18% used [0x000000076b180000,0x000000076bd67320,0x000000076f180000)
  from space 10752K, 0% used [0x000000076fc00000,0x000000076fc00000,0x0000000770680000)
  to   space 10752K, 0% used [0x000000076f180000,0x000000076f180000,0x000000076fc00000)
 ParOldGen       total 175104K, used 0K [0x00000006c1400000, 0x00000006cbf00000, 0x000000076b180000)
  object space 175104K, 0% used [0x00000006c1400000,0x00000006c1400000,0x00000006cbf00000)
 Metaspace       used 3958K, capacity 4922K, committed 5120K, reserved 1056768K
  class space    used 411K, capacity 426K, committed 512K, reserved 1048576K

Card table byte_map: [0x0000000014ad0000,0x00000000152d0000] byte_map_base: 0x00000000114c6000

Marking Bits: (ParMarkBitMap*) 0x0000000062bef860
 Begin Bits: [0x0000000016020000, 0x0000000019fd0000)
 End Bits:   [0x0000000019fd0000, 0x000000001df80000)

Polling page: 0x0000000003720000

CodeCache: size=245760Kb used=1354Kb max_used=1368Kb free=244405Kb
 bounds [0x0000000005710000, 0x0000000005980000, 0x0000000014710000]
 total_blobs=406 nmethods=147 adapters=172
 compilation: enabled

Compilation events (10 events):
Event: 0.551 Thread 0x0000000021dd9800 nmethod 142 0x0000000005863490 code [0x0000000005863660, 0x0000000005864188]
Event: 0.551 Thread 0x0000000021dc9000 nmethod 145 0x0000000005864790 code [0x00000000058648c0, 0x0000000005864958]
Event: 0.551 Thread 0x0000000021dd9800  143       3       java.util.WeakHashMap::indexFor (6 bytes)
Event: 0.551 Thread 0x0000000021dd9800 nmethod 143 0x0000000005863190 code [0x00000000058632e0, 0x0000000005863410]
Event: 0.551 Thread 0x0000000021dd9800  144       1       java.security.ProtectionDomain::getCodeSource (5 bytes)
Event: 0.551 Thread 0x0000000021dd9800 nmethod 144 0x0000000005862ed0 code [0x0000000005863020, 0x0000000005863130]
Event: 0.554 Thread 0x0000000021dc9000  147   !   4       sun.misc.URLClassPath$JarLoader::ensureOpen (36 bytes)
Event: 0.554 Thread 0x0000000021dd9800  149       3       sun.nio.cs.UTF_8$Decoder::decode (779 bytes)
Event: 0.555 Thread 0x0000000021dc9000 nmethod 147 0x0000000005860b50 code [0x0000000005860ca0, 0x0000000005860dc8]
Event: 0.555 Thread 0x0000000021dc9000  148   !   4       java.util.zip.ZipFile::getEntry (101 bytes)

GC Heap History (0 events):
No events

Deoptimization events (0 events):
No events

Classes redefined (0 events):
No events

Internal exceptions (3 events):
Event: 0.053 Thread 0x000000000551d000 Exception <a 'java/lang/NoSuchMethodError': Method sun.misc.Unsafe.defineClass(Ljava/lang/String;[BII)Ljava/lang/Class; name or signature does not match> (0x000000076b187ca0) thrown at [C:\re\workspace\8-2-build-windows-amd64-cygwin\jdk8u161\10277\hotspot
Event: 0.053 Thread 0x000000000551d000 Exception <a 'java/lang/NoSuchMethodError': Method sun.misc.Unsafe.prefetchRead(Ljava/lang/Object;J)V name or signature does not match> (0x000000076b187f88) thrown at [C:\re\workspace\8-2-build-windows-amd64-cygwin\jdk8u161\10277\hotspot\src\share\vm\prim
Event: 0.495 Thread 0x0000000021d1f800 Exception <a 'java/net/SocketException': Insufficient memory available: create> (0x000000076b72b298) thrown at [C:\re\workspace\8-2-build-windows-amd64-cygwin\jdk8u161\10277\hotspot\src\share\vm\prims\jni.cpp, line 735]

Events (10 events):
Event: 0.550 loading class cn/hutool/core/map/CamelCaseLinkedMap
Event: 0.550 loading class cn/hutool/core/map/CamelCaseLinkedMap done
Event: 0.553 loading class cn/hutool/core/map/CustomKeyLinkedMap
Event: 0.553 loading class cn/hutool/core/map/CustomKeyLinkedMap done
Event: 0.555 Executing VM operation: Deoptimize
Event: 0.555 Executing VM operation: Deoptimize done
Event: 0.555 loading class cn/hutool/core/map/CamelCaseMap
Event: 0.555 loading class cn/hutool/core/map/CamelCaseMap done
Event: 0.556 Thread 0x000000000551d000 DEOPT PACKING pc=0x000000000583df36 sp=0x000000000550c2a0
Event: 0.556 Thread 0x000000000551d000 DEOPT UNPACKING pc=0x0000000005757890 sp=0x000000000550bf78 mode 0


Dynamic libraries:
0x00007ff6deab0000 - 0x00007ff6deae7000 	C:\jdk1.8.0_161\bin\java.exe
0x00007ff81f280000 - 0x00007ff81f460000 	C:\WINDOWS\SYSTEM32\ntdll.dll
0x00007ff81ecf0000 - 0x00007ff81ed9e000 	C:\WINDOWS\System32\KERNEL32.DLL
0x00007ff81b390000 - 0x00007ff81b5f6000 	C:\WINDOWS\System32\KERNELBASE.dll
0x00007ff81c7b0000 - 0x00007ff81c851000 	C:\WINDOWS\System32\ADVAPI32.dll
0x00007ff81d150000 - 0x00007ff81d1ed000 	C:\WINDOWS\System32\msvcrt.dll
0x00007ff81d280000 - 0x00007ff81d2db000 	C:\WINDOWS\System32\sechost.dll
0x00007ff81d3f0000 - 0x00007ff81d50f000 	C:\WINDOWS\System32\RPCRT4.dll
0x00007ff81ca00000 - 0x00007ff81cb8f000 	C:\WINDOWS\System32\USER32.dll
0x00007ff81b600000 - 0x00007ff81b620000 	C:\WINDOWS\System32\win32u.dll
0x00007ff81c610000 - 0x00007ff81c638000 	C:\WINDOWS\System32\GDI32.dll
0x00007ff81c400000 - 0x00007ff81c593000 	C:\WINDOWS\System32\gdi32full.dll
0x00007ff81b620000 - 0x00007ff81b6bb000 	C:\WINDOWS\System32\msvcp_win.dll
0x00007ff81c0c0000 - 0x00007ff81c1b5000 	C:\WINDOWS\System32\ucrtbase.dll
0x00007ff80f8f0000 - 0x00007ff80fb59000 	C:\WINDOWS\WinSxS\amd64_microsoft.windows.common-controls_6595b64144ccf1df_6.0.16299.847_none_15cddd1e93602b6a\COMCTL32.dll
0x00007ff81ee40000 - 0x00007ff81f146000 	C:\WINDOWS\System32\combase.dll
0x00007ff81b890000 - 0x00007ff81b902000 	C:\WINDOWS\System32\bcryptPrimitives.dll
0x00007ff81c870000 - 0x00007ff81c89d000 	C:\WINDOWS\System32\IMM32.DLL
0x0000000063ca0000 - 0x0000000063d72000 	C:\jdk1.8.0_161\jre\bin\msvcr100.dll
0x00000000623d0000 - 0x0000000062c6f000 	C:\jdk1.8.0_161\jre\bin\server\jvm.dll
0x00007ff81c310000 - 0x00007ff81c333000 	C:\WINDOWS\System32\WINMM.dll
0x00007ff81b360000 - 0x00007ff81b38a000 	C:\WINDOWS\System32\WINMMBASE.dll
0x00007ff81c1c0000 - 0x00007ff81c20a000 	C:\WINDOWS\System32\cfgmgr32.dll
0x00007ff80c2f0000 - 0x00007ff80c2f9000 	C:\WINDOWS\SYSTEM32\WSOCK32.dll
0x00007ff81c860000 - 0x00007ff81c868000 	C:\WINDOWS\System32\PSAPI.DLL
0x00007ff81c5a0000 - 0x00007ff81c60c000 	C:\WINDOWS\System32\WS2_32.dll
0x00007ff81ae10000 - 0x00007ff81ae1a000 	C:\WINDOWS\SYSTEM32\VERSION.dll
0x00000000641b0000 - 0x00000000641bf000 	C:\jdk1.8.0_161\jre\bin\verify.dll
0x0000000063c70000 - 0x0000000063c99000 	C:\jdk1.8.0_161\jre\bin\java.dll
0x0000000063c40000 - 0x0000000063c63000 	C:\jdk1.8.0_161\jre\bin\instrument.dll
0x0000000064190000 - 0x00000000641a6000 	C:\jdk1.8.0_161\jre\bin\zip.dll
0x00007ff81d570000 - 0x00007ff81e9a8000 	C:\WINDOWS\System32\SHELL32.dll
0x00007ff81eb50000 - 0x00007ff81ebf6000 	C:\WINDOWS\System32\shcore.dll
0x00007ff81b970000 - 0x00007ff81c0b7000 	C:\WINDOWS\System32\windows.storage.dll
0x00007ff81d510000 - 0x00007ff81d561000 	C:\WINDOWS\System32\shlwapi.dll
0x00007ff81b340000 - 0x00007ff81b351000 	C:\WINDOWS\System32\kernel.appcore.dll
0x00007ff81c2c0000 - 0x00007ff81c30c000 	C:\WINDOWS\System32\powrprof.dll
0x00007ff81b320000 - 0x00007ff81b33b000 	C:\WINDOWS\System32\profapi.dll
0x00007ff816d20000 - 0x00007ff816d3a000 	E:\IntelliJ IDEA 2018.1.6\bin\breakgen64.dll
0x0000000063c20000 - 0x0000000063c3a000 	C:\jdk1.8.0_161\jre\bin\net.dll

VM Arguments:
jvm_args: -javaagent:E:\IntelliJ IDEA 2018.1.6\lib\idea_rt.jar=55575:E:\IntelliJ IDEA 2018.1.6\bin -Dfile.encoding=UTF-8 
java_command: cn.how2j.util.FreshConfigUtil
java_class_path (initial): C:\jdk1.8.0_161\jre\lib\charsets.jar;C:\jdk1.8.0_161\jre\lib\deploy.jar;C:\jdk1.8.0_161\jre\lib\ext\access-bridge-64.jar;C:\jdk1.8.0_161\jre\lib\ext\cldrdata.jar;C:\jdk1.8.0_161\jre\lib\ext\dnsns.jar;C:\jdk1.8.0_161\jre\lib\ext\jaccess.jar;C:\jdk1.8.0_161\jre\lib\ext\jfxrt.jar;C:\jdk1.8.0_161\jre\lib\ext\localedata.jar;C:\jdk1.8.0_161\jre\lib\ext\nashorn.jar;C:\jdk1.8.0_161\jre\lib\ext\sunec.jar;C:\jdk1.8.0_161\jre\lib\ext\sunjce_provider.jar;C:\jdk1.8.0_161\jre\lib\ext\sunmscapi.jar;C:\jdk1.8.0_161\jre\lib\ext\sunpkcs11.jar;C:\jdk1.8.0_161\jre\lib\ext\zipfs.jar;C:\jdk1.8.0_161\jre\lib\javaws.jar;C:\jdk1.8.0_161\jre\lib\jce.jar;C:\jdk1.8.0_161\jre\lib\jfr.jar;C:\jdk1.8.0_161\jre\lib\jfxswt.jar;C:\jdk1.8.0_161\jre\lib\jsse.jar;C:\jdk1.8.0_161\jre\lib\management-agent.jar;C:\jdk1.8.0_161\jre\lib\plugin.jar;C:\jdk1.8.0_161\jre\lib\resources.jar;C:\jdk1.8.0_161\jre\lib\rt.jar;E:\SpringCloud\SpringCloud\product-view-service-feign\target\classes;H:\maven\repository\repository\org\springframework\cloud\spring-cloud-starter-netflix-eureka-client\2.0.0.RELEASE\spring-cloud-starter-netflix-eureka-client-2.0.0.RELEASE.jar;H:\maven\repository\repository\org\springframework\cloud\spring-cloud-starter\2.0.0.RELEASE\spring-cloud-starter-2.0.0.RELEASE.jar;H:\maven\repository\repository\org\springframework\cloud\spring-cloud-context\2.0.0.RELEASE\spring-cloud-context-2.0.0.RELEASE.jar;H:\maven\repository\repository\org\springframework\security\spring-security-rsa\1.0.5.RELEASE\spring-security-rsa-1.0.5.RELEASE.jar;H:\maven\repository\repository\org\bouncycastle\bcpkix-jdk15on\1.56\bcpkix-jdk15on-1.56.jar;H:\maven\repository\repository\org\bouncycastle\bcprov-jdk15on\1.56\bcprov-jdk15on-1.56.jar;H:\maven\repository\repository\org\springframework\cloud\spring-cloud-netflix-core\2.0.0.RELEASE\spring-cloud-netflix-core-2.0.0.RELEASE.jar;H:\maven\repository\repository\org\springframework\boot\spring-boot-autoconfigure\2.0.3.RELEASE\spring-boot-autoconfigure-2
Launcher Type: SUN_STANDARD

Environment Variables:
JAVA_HOME=C:\jdk1.8.0_161
CLASSPATH=C:\jdk1.8.0_161\lib\dt.jar;C:\jdk1.8.0_161\lib\tools.jar
PATH=G:\;C:\ProgramData\Oracle\Java\javapath;C:\Windows\system32;C:\Windows;C:\Windows\System32\Wbem;C:\Windows\System32\WindowsPowerShell\v1.0\;C:\Program Files (x86)\NVIDIA Corporation\PhysX\Common;C:\Program Files\Intel\WiFi\bin\;C:\Program Files\Common Files\Intel\WirelessCommon\;C:\WINDOWS\system32;C:\WINDOWS;C:\WINDOWS\System32\Wbem;C:\WINDOWS\System32\WindowsPowerShell\v1.0\;C:\Program Files (x86)\Microsoft SQL Server\110\DTS\Binn\;C:\Program Files (x86)\Microsoft SQL Server\110\Tools\Binn\;C:\jdk1.8.0_161\bin;C:\jdk1.8.0_161\jre\bin;D:\apache-tomcat-8.5.29\bin;C:\Program Files\MySQL\mysql-5.1.38-winx64\bin;C:\Program Files (x86)\apache-maven-3.5.3\bin;F:\nodejs\;F:\android-sdk-windows\platform-tools;C:\Program Files\TortoiseSVN\bin;D:\git\Git\cmd;C:\Program Files\TortoiseGit\bin;C:\mongodb\Server\3.2\bin;E:\php5.6;E:\php5.6\ext;E:\bin;H:\spark\bin;C:\Program Files (x86)\scala\\bin;H:\hadoop-common-2.7.1-bin\bin;C:\Program Files\NVIDIA Corporation\NVIDIA NvDLISR;C:\Program Files\erl7.1\bin;E:\Python35\Scripts\;E:\Python35\;C:\Users\Machenike\Anaconda3;C:\Users\Machenike\Anaconda3\Library\mingw-w64\bin;C:\Users\Machenike\Anaconda3\Library\usr\bin;C:\Users\Machenike\Anaconda3\Library\bin;C:\Users\Machenike\Anaconda3\Scripts;C:\Program Files\Intel\WiFi\bin\;C:\Program Files\Common Files\Intel\WirelessCommon\;C:\Users\Machenike\AppData\Local\Microsoft\WindowsApps;C:\Users\Machenike\AppData\Roaming\npm;D:\apache-tomcat-8.5.29\bin;F:\nodejs\node_global;C:\Users\Machenike\AppData\Local\atom\bin;H:\spark\bin;C:\Program Files\JetBrains\IntelliJ IDEA 2019.3.1\bin;;E:\WebStorm 2020.1.3\bin;;
USERNAME=Machenike
OS=Windows_NT
PROCESSOR_IDENTIFIER=Intel64 Family 6 Model 94 Stepping 3, GenuineIntel



---------------  S Y S T E M  ---------------

OS: Windows 10.0 , 64 bit Build 16299 (10.0.16299.431)

CPU:total 8 (initial active 8) (4 cores per cpu, 2 threads per core) family 6 model 94 stepping 3, cmov, cx8, fxsr, mmx, sse, sse2, sse3, ssse3, sse4.1, sse4.2, popcnt, avx, avx2, aes, clmul, erms, rtm, 3dnowpref, lzcnt, ht, tsc, tscinvbit, bmi1, bmi2, adx

Memory: 4k page, physical 16690832k(4337576k free), swap 16690832k(1340k free)

vm_info: Java HotSpot(TM) 64-Bit Server VM (25.161-b12) for windows-amd64 JRE (1.8.0_161-b12), built on Dec 19 2017 17:52:25 by "java_re" with MS VC++ 10.0 (VS2010)

time: Thu Aug 06 14:21:24 2020
elapsed time: 0 seconds (0d 0h 0m 0s)

